<?xml version="1.0" encoding="UTF-8"?>
<!-- Generated by org.testng.reporters.JUnitXMLReporter -->
<testsuite ignored="0" hostname="Rakesh" failures="2" tests="2" name="Submit Order Test" time="0.067" errors="0" timestamp="2026-04-03T11:44:13 IST">
  <testcase classname="RakeshAcadmy.Tests.SubmitOrderTest" name="submitOrder" time="0.01">
    <failure type="java.lang.NullPointerException" message="Cannot invoke &amp;quot;RakeshAcadmy.SeleniumFrameworkdesign.PageObjects.LandingPage.loginApplication(String, String)&amp;quot; because &amp;quot;this.landingPage&amp;quot; is null">
      <![CDATA[java.lang.NullPointerException: Cannot invoke "RakeshAcadmy.SeleniumFrameworkdesign.PageObjects.LandingPage.loginApplication(String, String)" because "this.landingPage" is null
at RakeshAcadmy.Tests.SubmitOrderTest.submitOrder(SubmitOrderTest.java:24)
at java.base/java.util.ArrayList.forEach(ArrayList.java:1596)
... Removed 25 stack frames]]>
    </failure>
  </testcase> <!-- submitOrder -->
  <testcase classname="RakeshAcadmy.Tests.SubmitOrderTest" name="submitOrder" time="0.002">
    <failure type="java.lang.NullPointerException" message="Cannot invoke &amp;quot;RakeshAcadmy.SeleniumFrameworkdesign.PageObjects.LandingPage.loginApplication(String, String)&amp;quot; because &amp;quot;this.landingPage&amp;quot; is null">
      <![CDATA[java.lang.NullPointerException: Cannot invoke "RakeshAcadmy.SeleniumFrameworkdesign.PageObjects.LandingPage.loginApplication(String, String)" because "this.landingPage" is null
at RakeshAcadmy.Tests.SubmitOrderTest.submitOrder(SubmitOrderTest.java:24)
at java.base/java.util.ArrayList.forEach(ArrayList.java:1596)
... Removed 25 stack frames]]>
    </failure>
  </testcase> <!-- submitOrder -->
</testsuite> <!-- Submit Order Test -->
