<?xml version="1.0" encoding="UTF-8"?>
<!-- Generated by org.testng.reporters.JUnitXMLReporter -->
<testsuite ignored="0" hostname="Rakesh" failures="1" tests="4" name="Test" time="25.247" errors="0" timestamp="2026-04-04T11:30:30 IST">
  <testcase classname="RakeshAcadmy.Tests.SubmitOrderTest" name="submitOrder" time="2.994"/>
  <testcase classname="RakeshAcadmy.Tests.SubmitOrderTest" name="submitOrder" time="3.004"/>
  <testcase classname="RakeshAcadmy.Tests.ErrorValidationTest" name="LoginErrorValidation" time="0.601">
    <failure type="java.lang.AssertionError" message="expected [Incorrect email or password.] but found [Incorrect email  password.]">
      <![CDATA[java.lang.AssertionError: expected [Incorrect email or password.] but found [Incorrect email  password.]
at RakeshAcadmy.Tests.ErrorValidationTest.LoginErrorValidation(ErrorValidationTest.java:24)
at java.base/java.util.ArrayList.forEach(ArrayList.java:1596)
... Removed 31 stack frames]]>
    </failure>
  </testcase> <!-- LoginErrorValidation -->
  <testcase classname="RakeshAcadmy.Tests.ErrorValidationTest" name="ProductErrorValidation" time="2.05"/>
</testsuite> <!-- Test -->
