<?xml version="1.0" encoding="UTF-8"?>
<!-- Generated by org.testng.reporters.JUnitReportReporter -->
<testsuite hostname="Rakesh" failures="0" tests="2" name="RakeshAcadmy.Tests.SubmitOrderTest" time="15.775" errors="0" timestamp="2026-04-04T11:30:30 IST" skipped="0">
  <testcase classname="RakeshAcadmy.Tests.SubmitOrderTest" name="submitOrder" time="6.852"/>
  <testcase classname="RakeshAcadmy.Tests.SubmitOrderTest" name="submitOrder" time="8.923"/>
</testsuite> <!-- RakeshAcadmy.Tests.SubmitOrderTest -->
